mode: set
zajunaApi/internal/services/category_service.go:14.87,16.2 1 1
zajunaApi/internal/services/category_service.go:19.70,21.2 1 1
zajunaApi/internal/services/course_service.go:14.81,16.2 1 1
zajunaApi/internal/services/course_service.go:18.66,20.2 1 1
zajunaApi/internal/services/course_service.go:22.88,24.2 1 1
zajunaApi/internal/services/course_service.go:29.91,31.2 1 1
zajunaApi/internal/services/course_service.go:33.95,35.16 2 1
zajunaApi/internal/services/course_service.go:35.16,37.3 1 1
zajunaApi/internal/services/course_service.go:38.2,38.63 1 1
zajunaApi/internal/services/course_service.go:42.117,45.33 2 1
zajunaApi/internal/services/course_service.go:45.33,49.28 2 1
zajunaApi/internal/services/course_service.go:49.28,51.4 1 1
zajunaApi/internal/services/course_service.go:52.3,52.29 1 1
zajunaApi/internal/services/course_service.go:52.29,54.4 1 1
zajunaApi/internal/services/course_service.go:55.3,55.31 1 1
zajunaApi/internal/services/course_service.go:55.31,57.4 1 1
zajunaApi/internal/services/course_service.go:58.3,58.28 1 1
zajunaApi/internal/services/course_service.go:58.28,60.4 1 1
zajunaApi/internal/services/course_service.go:61.3,61.27 1 1
zajunaApi/internal/services/course_service.go:61.27,63.4 1 1
zajunaApi/internal/services/course_service.go:64.3,64.34 1 1
zajunaApi/internal/services/course_service.go:64.34,66.4 1 1
zajunaApi/internal/services/course_service.go:67.3,67.26 1 1
zajunaApi/internal/services/course_service.go:67.26,69.4 1 1
zajunaApi/internal/services/course_service.go:70.3,70.30 1 1
zajunaApi/internal/services/course_service.go:70.30,72.4 1 1
zajunaApi/internal/services/course_service.go:73.3,73.28 1 1
zajunaApi/internal/services/course_service.go:73.28,75.4 1 1
zajunaApi/internal/services/course_service.go:76.3,76.28 1 1
zajunaApi/internal/services/course_service.go:76.28,78.4 1 1
zajunaApi/internal/services/course_service.go:81.3,81.24 1 1
zajunaApi/internal/services/course_service.go:81.24,88.12 2 1
zajunaApi/internal/services/course_service.go:92.3,93.17 2 1
zajunaApi/internal/services/course_service.go:93.17,100.4 1 1
zajunaApi/internal/services/course_service.go:103.2,103.63 1 1
zajunaApi/internal/services/user_service.go:12.75,14.2 1 1
zajunaApi/internal/services/user_service.go:16.106,18.2 1 1
zajunaApi/internal/services/user_service.go:20.56,22.2 1 1
zajunaApi/internal/services/user_service.go:24.71,26.2 1 1
