mode: atomic
zajunaApi/internal/handlers/category_handler.go:18.85,20.2 1 6
zajunaApi/internal/handlers/category_handler.go:31.57,34.16 2 5
zajunaApi/internal/handlers/category_handler.go:34.16,41.3 2 1
zajunaApi/internal/handlers/category_handler.go:44.2,52.37 3 4
zajunaApi/internal/handlers/course_handler.go:18.79,20.2 1 19
zajunaApi/internal/handlers/course_handler.go:33.52,37.48 2 5
zajunaApi/internal/handlers/course_handler.go:37.48,44.3 2 1
zajunaApi/internal/handlers/course_handler.go:47.2,53.29 4 4
zajunaApi/internal/handlers/course_handler.go:53.29,55.3 1 1
zajunaApi/internal/handlers/course_handler.go:55.8,57.3 1 3
zajunaApi/internal/handlers/course_handler.go:59.2,59.16 1 4
zajunaApi/internal/handlers/course_handler.go:59.16,66.3 2 1
zajunaApi/internal/handlers/course_handler.go:69.2,77.37 3 3
zajunaApi/internal/handlers/course_handler.go:92.58,96.46 2 3
zajunaApi/internal/handlers/course_handler.go:96.46,103.3 2 1
zajunaApi/internal/handlers/course_handler.go:106.2,107.16 2 2
zajunaApi/internal/handlers/course_handler.go:107.16,114.3 2 1
zajunaApi/internal/handlers/course_handler.go:117.2,120.40 2 1
zajunaApi/internal/handlers/course_handler.go:134.55,138.47 2 5
zajunaApi/internal/handlers/course_handler.go:138.47,145.3 2 1
zajunaApi/internal/handlers/course_handler.go:148.2,148.39 1 4
zajunaApi/internal/handlers/course_handler.go:148.39,155.3 2 1
zajunaApi/internal/handlers/course_handler.go:158.2,159.16 2 3
zajunaApi/internal/handlers/course_handler.go:159.16,166.3 2 1
zajunaApi/internal/handlers/course_handler.go:169.2,179.4 3 2
zajunaApi/internal/handlers/course_handler.go:193.55,197.47 2 5
zajunaApi/internal/handlers/course_handler.go:197.47,204.3 2 1
zajunaApi/internal/handlers/course_handler.go:207.2,207.39 1 4
zajunaApi/internal/handlers/course_handler.go:207.39,214.3 2 1
zajunaApi/internal/handlers/course_handler.go:217.2,218.16 2 3
zajunaApi/internal/handlers/course_handler.go:218.16,225.3 2 1
zajunaApi/internal/handlers/course_handler.go:228.2,233.4 2 2
zajunaApi/internal/handlers/user_handler.go:18.73,20.2 1 15
zajunaApi/internal/handlers/user_handler.go:38.48,42.48 2 6
zajunaApi/internal/handlers/user_handler.go:42.48,49.3 2 1
zajunaApi/internal/handlers/user_handler.go:52.2,59.16 4 5
zajunaApi/internal/handlers/user_handler.go:59.16,66.3 2 1
zajunaApi/internal/handlers/user_handler.go:69.2,80.42 3 4
zajunaApi/internal/handlers/user_handler.go:94.51,98.47 2 4
zajunaApi/internal/handlers/user_handler.go:98.47,105.3 2 2
zajunaApi/internal/handlers/user_handler.go:108.2,109.36 2 2
zajunaApi/internal/handlers/user_handler.go:109.36,121.3 1 2
zajunaApi/internal/handlers/user_handler.go:124.2,125.16 2 2
zajunaApi/internal/handlers/user_handler.go:125.16,132.3 2 1
zajunaApi/internal/handlers/user_handler.go:135.2,139.4 1 1
zajunaApi/internal/handlers/user_handler.go:153.51,157.47 2 4
zajunaApi/internal/handlers/user_handler.go:157.47,164.3 2 1
zajunaApi/internal/handlers/user_handler.go:167.2,167.39 1 3
zajunaApi/internal/handlers/user_handler.go:167.39,174.3 2 1
zajunaApi/internal/handlers/user_handler.go:177.2,177.59 1 2
zajunaApi/internal/handlers/user_handler.go:177.59,184.3 2 1
zajunaApi/internal/handlers/user_handler.go:187.2,191.4 1 1
zajunaApi/internal/handlers/user_handler.go:214.56,217.49 2 0
zajunaApi/internal/handlers/user_handler.go:217.49,224.3 2 0
zajunaApi/internal/handlers/user_handler.go:227.2,228.52 2 0
zajunaApi/internal/handlers/user_handler.go:228.52,235.3 2 0
zajunaApi/internal/handlers/user_handler.go:238.2,241.43 2 0
zajunaApi/internal/handlers/user_handler.go:241.43,248.3 2 0
zajunaApi/internal/handlers/user_handler.go:251.2,257.34 2 0
zajunaApi/internal/handlers/user_handler.go:257.34,259.3 1 0
zajunaApi/internal/handlers/user_handler.go:260.2,260.25 1 0
zajunaApi/internal/handlers/user_handler.go:260.25,262.3 1 0
zajunaApi/internal/handlers/user_handler.go:263.2,263.28 1 0
zajunaApi/internal/handlers/user_handler.go:263.28,265.3 1 0
zajunaApi/internal/handlers/user_handler.go:266.2,266.31 1 0
zajunaApi/internal/handlers/user_handler.go:266.31,268.3 1 0
zajunaApi/internal/handlers/user_handler.go:269.2,269.27 1 0
zajunaApi/internal/handlers/user_handler.go:269.27,271.3 1 0
zajunaApi/internal/handlers/user_handler.go:274.2,275.16 2 0
zajunaApi/internal/handlers/user_handler.go:275.16,282.3 2 0
zajunaApi/internal/handlers/user_handler.go:285.2,288.4 1 0
zajunaApi/internal/dto/response/common.go:36.94,50.2 2 0
zajunaApi/internal/dto/response/common.go:53.81,60.2 1 0
zajunaApi/internal/dto/response/common.go:63.76,68.2 1 0
zajunaApi/internal/db/db.go:18.33,23.16 3 0
zajunaApi/internal/db/db.go:23.16,25.3 1 0
zajunaApi/internal/db/db.go:27.2,28.16 2 0
zajunaApi/internal/db/db.go:28.16,30.3 1 0
zajunaApi/internal/db/db.go:32.2,33.16 2 0
zajunaApi/internal/dto/mapper/category_mapper.go:9.79,10.21 1 0
zajunaApi/internal/dto/mapper/category_mapper.go:10.21,12.3 1 0
zajunaApi/internal/dto/mapper/category_mapper.go:14.2,27.3 1 0
zajunaApi/internal/dto/mapper/category_mapper.go:31.85,33.38 2 0
zajunaApi/internal/dto/mapper/category_mapper.go:33.38,35.18 2 0
zajunaApi/internal/dto/mapper/category_mapper.go:35.18,37.4 1 0
zajunaApi/internal/dto/mapper/category_mapper.go:39.2,39.18 1 0
zajunaApi/internal/dto/mapper/course_mapper.go:10.71,11.19 1 0
zajunaApi/internal/dto/mapper/course_mapper.go:11.19,13.3 1 0
zajunaApi/internal/dto/mapper/course_mapper.go:15.2,35.3 1 0
zajunaApi/internal/dto/mapper/course_mapper.go:39.75,41.33 2 0
zajunaApi/internal/dto/mapper/course_mapper.go:41.33,43.18 2 0
zajunaApi/internal/dto/mapper/course_mapper.go:43.18,45.4 1 0
zajunaApi/internal/dto/mapper/course_mapper.go:47.2,47.18 1 0
zajunaApi/internal/dto/mapper/course_mapper.go:51.96,52.20 1 0
zajunaApi/internal/dto/mapper/course_mapper.go:52.20,54.3 1 0
zajunaApi/internal/dto/mapper/course_mapper.go:57.2,58.36 2 0
zajunaApi/internal/dto/mapper/course_mapper.go:58.36,60.3 1 0
zajunaApi/internal/dto/mapper/course_mapper.go:62.2,74.3 1 0
zajunaApi/internal/dto/mapper/course_mapper.go:78.84,79.21 1 0
zajunaApi/internal/dto/mapper/course_mapper.go:79.21,81.3 1 0
zajunaApi/internal/dto/mapper/course_mapper.go:83.2,84.35 2 0
zajunaApi/internal/dto/mapper/course_mapper.go:84.35,91.3 1 0
zajunaApi/internal/dto/mapper/course_mapper.go:92.2,92.15 1 0
zajunaApi/internal/dto/mapper/course_mapper.go:96.84,98.2 1 0
zajunaApi/internal/dto/mapper/enrolled_users_mapper.go:16.34,17.17 1 0
zajunaApi/internal/dto/mapper/enrolled_users_mapper.go:17.17,19.3 1 0
zajunaApi/internal/dto/mapper/enrolled_users_mapper.go:21.2,47.27 2 0
zajunaApi/internal/dto/mapper/enrolled_users_mapper.go:47.27,49.35 2 0
zajunaApi/internal/dto/mapper/enrolled_users_mapper.go:49.35,56.4 1 0
zajunaApi/internal/dto/mapper/enrolled_users_mapper.go:60.2,60.21 1 0
zajunaApi/internal/dto/mapper/enrolled_users_mapper.go:60.21,62.28 2 0
zajunaApi/internal/dto/mapper/enrolled_users_mapper.go:62.28,69.4 1 0
zajunaApi/internal/dto/mapper/enrolled_users_mapper.go:73.2,73.20 1 0
zajunaApi/internal/dto/mapper/enrolled_users_mapper.go:73.20,75.27 2 0
zajunaApi/internal/dto/mapper/enrolled_users_mapper.go:75.27,82.4 1 0
zajunaApi/internal/dto/mapper/enrolled_users_mapper.go:86.2,86.26 1 0
zajunaApi/internal/dto/mapper/enrolled_users_mapper.go:86.26,88.33 2 0
zajunaApi/internal/dto/mapper/enrolled_users_mapper.go:88.33,93.4 1 0
zajunaApi/internal/dto/mapper/enrolled_users_mapper.go:97.2,97.30 1 0
zajunaApi/internal/dto/mapper/enrolled_users_mapper.go:97.30,99.38 2 0
zajunaApi/internal/dto/mapper/enrolled_users_mapper.go:99.38,105.4 1 0
zajunaApi/internal/dto/mapper/enrolled_users_mapper.go:108.2,108.13 1 0
zajunaApi/internal/dto/mapper/enrolled_users_mapper.go:112.68,113.27 1 0
zajunaApi/internal/dto/mapper/enrolled_users_mapper.go:113.27,114.34 1 0
zajunaApi/internal/dto/mapper/enrolled_users_mapper.go:114.34,116.4 1 0
zajunaApi/internal/dto/mapper/enrolled_users_mapper.go:118.2,118.11 1 0
zajunaApi/internal/dto/mapper/enrolled_users_mapper.go:121.62,122.27 1 0
zajunaApi/internal/dto/mapper/enrolled_users_mapper.go:122.27,123.26 1 0
zajunaApi/internal/dto/mapper/enrolled_users_mapper.go:124.12,125.12 1 0
zajunaApi/internal/dto/mapper/enrolled_users_mapper.go:126.14,127.17 1 0
zajunaApi/internal/dto/mapper/enrolled_users_mapper.go:128.16,129.17 1 0
zajunaApi/internal/dto/mapper/enrolled_users_mapper.go:132.2,132.10 1 0
zajunaApi/internal/dto/mapper/user_mapper.go:10.63,11.17 1 0
zajunaApi/internal/dto/mapper/user_mapper.go:11.17,13.3 1 0
zajunaApi/internal/dto/mapper/user_mapper.go:15.2,48.3 2 0
zajunaApi/internal/dto/mapper/user_mapper.go:52.67,54.29 2 0
zajunaApi/internal/dto/mapper/user_mapper.go:54.29,56.18 2 0
zajunaApi/internal/dto/mapper/user_mapper.go:56.18,58.4 1 0
zajunaApi/internal/dto/mapper/user_mapper.go:60.2,60.18 1 0
zajunaApi/internal/dto/mapper/user_mapper.go:64.86,65.19 1 0
zajunaApi/internal/dto/mapper/user_mapper.go:65.19,67.3 1 0
zajunaApi/internal/dto/mapper/user_mapper.go:69.2,70.31 2 0
zajunaApi/internal/dto/mapper/user_mapper.go:70.31,78.3 1 0
zajunaApi/internal/dto/mapper/user_mapper.go:79.2,79.15 1 0
zajunaApi/internal/dto/mapper/user_mapper.go:83.82,84.18 1 0
zajunaApi/internal/dto/mapper/user_mapper.go:84.18,86.3 1 0
zajunaApi/internal/dto/mapper/user_mapper.go:88.2,89.29 2 0
zajunaApi/internal/dto/mapper/user_mapper.go:89.29,94.3 1 0
zajunaApi/internal/dto/mapper/user_mapper.go:95.2,95.15 1 0
zajunaApi/internal/config/config.go:18.27,23.16 4 0
zajunaApi/internal/config/config.go:23.16,25.3 1 0
zajunaApi/internal/config/config.go:27.2,43.3 8 0
zajunaApi/internal/config/config.go:46.46,47.42 1 0
zajunaApi/internal/config/config.go:47.42,49.3 1 0
zajunaApi/internal/config/config.go:50.2,50.21 1 0
zajunaApi/internal/dto/request/category_request.go:12.46,13.17 1 0
zajunaApi/internal/dto/request/category_request.go:13.17,15.3 1 0
zajunaApi/internal/dto/request/category_request.go:16.2,16.18 1 0
zajunaApi/internal/dto/request/category_request.go:16.18,18.3 1 0
zajunaApi/internal/dto/request/category_request.go:22.55,24.2 1 0
zajunaApi/internal/dto/request/category_request.go:61.52,63.35 2 0
zajunaApi/internal/dto/request/category_request.go:63.35,64.15 1 0
zajunaApi/internal/dto/request/category_request.go:64.15,69.4 1 0
zajunaApi/internal/dto/request/category_request.go:70.3,70.18 1 0
zajunaApi/internal/dto/request/category_request.go:74.2,74.23 1 0
zajunaApi/internal/dto/request/category_request.go:74.23,75.24 1 0
zajunaApi/internal/dto/request/category_request.go:75.24,80.4 1 0
zajunaApi/internal/dto/request/category_request.go:83.2,83.12 1 0
zajunaApi/internal/dto/request/course_request.go:12.43,13.17 1 0
zajunaApi/internal/dto/request/course_request.go:13.17,15.3 1 0
zajunaApi/internal/dto/request/course_request.go:16.2,16.18 1 0
zajunaApi/internal/dto/request/course_request.go:16.18,18.3 1 0
zajunaApi/internal/dto/request/course_request.go:22.54,24.2 1 0
zajunaApi/internal/dto/request/course_request.go:37.49,39.33 2 0
zajunaApi/internal/dto/request/course_request.go:39.33,41.14 1 0
zajunaApi/internal/dto/request/course_request.go:41.14,46.4 1 0
zajunaApi/internal/dto/request/course_request.go:48.3,48.15 1 0
zajunaApi/internal/dto/request/course_request.go:48.15,53.4 1 0
zajunaApi/internal/dto/request/course_request.go:54.3,54.18 1 0
zajunaApi/internal/dto/request/course_request.go:56.2,56.12 1 0
zajunaApi/internal/dto/request/course_request.go:74.48,76.66 1 0
zajunaApi/internal/dto/request/course_request.go:76.66,81.3 1 0
zajunaApi/internal/dto/request/course_request.go:82.2,82.12 1 0
zajunaApi/internal/dto/request/course_request.go:133.48,135.82 1 0
zajunaApi/internal/dto/request/course_request.go:135.82,136.33 1 0
zajunaApi/internal/dto/request/course_request.go:136.33,141.4 1 0
zajunaApi/internal/dto/request/course_request.go:145.2,145.20 1 0
zajunaApi/internal/dto/request/course_request.go:145.20,147.30 2 0
zajunaApi/internal/dto/request/course_request.go:147.30,152.4 1 0
zajunaApi/internal/dto/request/course_request.go:155.2,155.12 1 0
zajunaApi/internal/dto/request/course_request.go:159.49,161.35 1 0
zajunaApi/internal/dto/request/course_request.go:161.35,162.21 1 0
zajunaApi/internal/dto/request/course_request.go:162.21,167.4 1 0
zajunaApi/internal/dto/request/course_request.go:170.3,170.43 1 0
zajunaApi/internal/dto/request/course_request.go:170.43,176.4 2 0
zajunaApi/internal/dto/request/course_request.go:178.2,178.12 1 0
zajunaApi/internal/dto/request/enrolled_users_request.go:24.46,25.20 1 0
zajunaApi/internal/dto/request/enrolled_users_request.go:25.20,27.3 1 0
zajunaApi/internal/dto/request/enrolled_users_request.go:28.2,28.27 1 0
zajunaApi/internal/dto/request/enrolled_users_request.go:28.27,30.3 1 0
zajunaApi/internal/dto/request/enrolled_users_request.go:31.2,31.24 1 0
zajunaApi/internal/dto/request/enrolled_users_request.go:31.24,33.3 1 0
zajunaApi/internal/dto/request/enrolled_users_request.go:37.49,39.47 1 0
zajunaApi/internal/dto/request/enrolled_users_request.go:39.47,41.3 1 0
zajunaApi/internal/dto/request/enrolled_users_request.go:42.2,42.12 1 0
zajunaApi/internal/dto/request/search_courses_request.go:14.46,15.16 1 0
zajunaApi/internal/dto/request/search_courses_request.go:15.16,17.3 1 0
zajunaApi/internal/dto/request/search_courses_request.go:18.2,18.19 1 0
zajunaApi/internal/dto/request/search_courses_request.go:18.19,20.3 1 0
zajunaApi/internal/dto/request/search_courses_request.go:24.49,25.26 1 0
zajunaApi/internal/dto/request/search_courses_request.go:25.26,27.3 1 0
zajunaApi/internal/dto/request/search_courses_request.go:28.2,28.27 1 0
zajunaApi/internal/dto/request/search_courses_request.go:28.27,30.3 1 0
zajunaApi/internal/dto/request/search_courses_request.go:33.2,40.36 2 0
zajunaApi/internal/dto/request/search_courses_request.go:40.36,42.3 1 0
zajunaApi/internal/dto/request/search_courses_request.go:44.2,44.12 1 0
zajunaApi/internal/dto/request/user_request.go:14.41,15.17 1 0
zajunaApi/internal/dto/request/user_request.go:15.17,17.3 1 0
zajunaApi/internal/dto/request/user_request.go:18.2,18.18 1 0
zajunaApi/internal/dto/request/user_request.go:18.18,20.3 1 0
zajunaApi/internal/dto/request/user_request.go:24.59,27.23 2 0
zajunaApi/internal/dto/request/user_request.go:27.23,29.3 1 0
zajunaApi/internal/dto/request/user_request.go:30.2,30.22 1 0
zajunaApi/internal/dto/request/user_request.go:30.22,32.3 1 0
zajunaApi/internal/dto/request/user_request.go:33.2,33.22 1 0
zajunaApi/internal/dto/request/user_request.go:33.22,35.3 1 0
zajunaApi/internal/dto/request/user_request.go:36.2,36.19 1 0
zajunaApi/internal/dto/request/user_request.go:36.19,38.3 1 0
zajunaApi/internal/dto/request/user_request.go:40.2,40.16 1 0
zajunaApi/internal/dto/request/user_request.go:67.47,69.31 2 0
zajunaApi/internal/dto/request/user_request.go:69.31,70.15 1 0
zajunaApi/internal/dto/request/user_request.go:70.15,72.4 1 0
zajunaApi/internal/dto/request/user_request.go:73.3,73.18 1 0
zajunaApi/internal/dto/request/user_request.go:75.2,75.12 1 0
zajunaApi/internal/dto/request/user_request.go:89.42,91.2 1 0
zajunaApi/cmd/server/main.go:8.13,10.34 2 0
zajunaApi/cmd/server/main.go:10.34,12.3 1 0
zajunaApi/internal/server/server.go:22.20,27.16 3 0
zajunaApi/internal/server/server.go:27.16,29.3 1 0
zajunaApi/internal/server/server.go:30.2,43.3 5 0
zajunaApi/internal/server/server.go:46.30,50.2 3 0
zajunaApi/internal/routes/routes.go:12.54,41.2 19 0
zajunaApi/internal/middleware/cors.go:6.35,7.30 1 0
zajunaApi/internal/middleware/cors.go:7.30,11.77 2 0
zajunaApi/internal/middleware/cors.go:11.77,14.4 2 0
zajunaApi/internal/middleware/cors.go:16.3,20.36 4 0
zajunaApi/internal/middleware/cors.go:20.36,23.4 2 0
zajunaApi/internal/middleware/cors.go:25.3,25.11 1 0
zajunaApi/internal/middleware/logging.go:10.42,11.30 1 0
zajunaApi/internal/middleware/logging.go:11.30,16.3 4 0
zajunaApi/internal/repository/mocks/category_repository_mock.go:14.80,16.24 2 0
zajunaApi/internal/repository/mocks/category_repository_mock.go:16.24,18.3 1 0
zajunaApi/internal/repository/mocks/category_repository_mock.go:19.2,19.55 1 0
zajunaApi/internal/repository/mocks/course_repository_mock.go:16.73,18.24 2 0
zajunaApi/internal/repository/mocks/course_repository_mock.go:18.24,20.3 1 0
zajunaApi/internal/repository/mocks/course_repository_mock.go:21.2,21.53 1 0
zajunaApi/internal/repository/mocks/course_repository_mock.go:24.95,26.24 2 0
zajunaApi/internal/repository/mocks/course_repository_mock.go:26.24,28.3 1 0
zajunaApi/internal/repository/mocks/course_repository_mock.go:29.2,29.53 1 0
zajunaApi/internal/repository/mocks/course_repository_mock.go:32.79,34.24 2 0
zajunaApi/internal/repository/mocks/course_repository_mock.go:34.24,36.3 1 0
zajunaApi/internal/repository/mocks/course_repository_mock.go:37.2,37.52 1 0
zajunaApi/internal/repository/mocks/course_repository_mock.go:40.93,42.24 2 0
zajunaApi/internal/repository/mocks/course_repository_mock.go:42.24,44.3 1 0
zajunaApi/internal/repository/mocks/course_repository_mock.go:45.2,45.52 1 0
zajunaApi/internal/repository/mocks/course_repository_mock.go:48.101,50.24 2 0
zajunaApi/internal/repository/mocks/course_repository_mock.go:50.24,52.3 1 0
zajunaApi/internal/repository/mocks/course_repository_mock.go:53.2,53.63 1 0
zajunaApi/internal/repository/mocks/course_repository_mock.go:56.89,58.24 2 0
zajunaApi/internal/repository/mocks/course_repository_mock.go:58.24,60.3 1 0
zajunaApi/internal/repository/mocks/course_repository_mock.go:61.2,61.54 1 0
zajunaApi/internal/repository/mocks/course_repository_mock.go:64.91,67.2 2 0
zajunaApi/internal/repository/mocks/course_repository_mock.go:69.133,71.24 2 0
zajunaApi/internal/repository/mocks/course_repository_mock.go:71.24,73.3 1 0
zajunaApi/internal/repository/mocks/course_repository_mock.go:74.2,74.74 1 0
zajunaApi/internal/repository/mocks/course_repository_mock.go:77.116,80.2 2 0
zajunaApi/internal/repository/mocks/course_repository_mock.go:82.107,85.2 2 0
zajunaApi/internal/repository/mocks/user_repository_mock.go:15.118,17.24 2 0
zajunaApi/internal/repository/mocks/user_repository_mock.go:17.24,19.3 1 0
zajunaApi/internal/repository/mocks/user_repository_mock.go:20.2,20.72 1 0
zajunaApi/internal/repository/mocks/user_repository_mock.go:23.63,26.2 2 0
zajunaApi/internal/repository/mocks/user_repository_mock.go:28.78,31.2 2 0
zajunaApi/internal/repository/mocks/user_repository_mock.go:33.139,35.24 2 0
zajunaApi/internal/repository/mocks/user_repository_mock.go:35.24,37.3 1 0
zajunaApi/internal/repository/mocks/user_repository_mock.go:38.2,38.88 1 0
zajunaApi/internal/repository/mocks/user_repository_mock.go:41.108,43.24 2 0
zajunaApi/internal/repository/mocks/user_repository_mock.go:43.24,45.3 1 0
zajunaApi/internal/repository/mocks/user_repository_mock.go:46.2,46.62 1 0
zajunaApi/internal/repository/mocks/user_repository_mock.go:49.107,51.24 2 0
zajunaApi/internal/repository/mocks/user_repository_mock.go:51.24,53.3 1 0
zajunaApi/internal/repository/mocks/user_repository_mock.go:54.2,54.62 1 0
zajunaApi/internal/repository/mocks/user_repository_mock.go:57.96,59.24 2 0
zajunaApi/internal/repository/mocks/user_repository_mock.go:59.24,61.3 1 0
zajunaApi/internal/repository/mocks/user_repository_mock.go:62.2,62.62 1 0
zajunaApi/internal/repository/mocks/user_repository_mock.go:65.95,67.24 2 0
zajunaApi/internal/repository/mocks/user_repository_mock.go:67.24,69.3 1 0
zajunaApi/internal/repository/mocks/user_repository_mock.go:70.2,70.62 1 0
zajunaApi/internal/repository/mocks/user_repository_mock.go:73.99,75.24 2 0
zajunaApi/internal/repository/mocks/user_repository_mock.go:75.24,77.3 1 0
zajunaApi/internal/repository/mocks/user_repository_mock.go:78.2,78.62 1 0
zajunaApi/internal/models/context.go:9.35,11.2 1 0
zajunaApi/internal/models/role.go:9.32,11.2 1 0
zajunaApi/internal/models/role_assignment.go:10.42,12.2 1 0
zajunaApi/internal/models/user.go:37.32,39.2 1 0
zajunaApi/internal/repository/category_repository.go:12.61,14.2 1 0
zajunaApi/internal/repository/category_repository.go:16.76,21.39 2 0
zajunaApi/internal/repository/category_repository.go:21.39,23.3 1 0
zajunaApi/internal/repository/category_repository.go:25.2,25.24 1 0
zajunaApi/internal/repository/course_repository.go:14.57,16.2 1 0
zajunaApi/internal/repository/course_repository.go:33.69,38.36 2 0
zajunaApi/internal/repository/course_repository.go:38.36,40.3 1 0
zajunaApi/internal/repository/course_repository.go:42.2,42.21 1 0
zajunaApi/internal/repository/course_repository.go:46.91,52.36 2 0
zajunaApi/internal/repository/course_repository.go:52.36,54.3 1 0
zajunaApi/internal/repository/course_repository.go:56.2,56.21 1 0
zajunaApi/internal/repository/course_repository.go:60.75,65.36 2 0
zajunaApi/internal/repository/course_repository.go:65.36,67.3 1 0
zajunaApi/internal/repository/course_repository.go:69.2,69.21 1 0
zajunaApi/internal/repository/course_repository.go:73.89,78.36 2 0
zajunaApi/internal/repository/course_repository.go:78.36,80.3 1 0
zajunaApi/internal/repository/course_repository.go:82.2,82.21 1 0
zajunaApi/internal/repository/course_repository.go:86.86,89.16 2 0
zajunaApi/internal/repository/course_repository.go:89.16,91.3 1 0
zajunaApi/internal/repository/course_repository.go:93.2,127.18 9 0
zajunaApi/internal/repository/course_repository.go:127.18,132.3 4 0
zajunaApi/internal/repository/course_repository.go:133.2,141.28 4 0
zajunaApi/internal/repository/course_repository.go:141.28,143.3 1 0
zajunaApi/internal/repository/course_repository.go:144.2,155.22 5 0
zajunaApi/internal/repository/course_repository.go:158.85,165.47 3 0
zajunaApi/internal/repository/course_repository.go:165.47,167.3 1 0
zajunaApi/internal/repository/course_repository.go:170.2,170.31 1 0
zajunaApi/internal/repository/course_repository.go:170.31,172.40 2 0
zajunaApi/internal/repository/course_repository.go:172.40,173.22 1 0
zajunaApi/internal/repository/course_repository.go:173.22,175.10 2 0
zajunaApi/internal/repository/course_repository.go:178.3,178.13 1 0
zajunaApi/internal/repository/course_repository.go:178.13,185.4 1 0
zajunaApi/internal/repository/course_repository.go:189.2,189.26 1 0
zajunaApi/internal/repository/course_repository.go:189.26,192.34 1 0
zajunaApi/internal/repository/course_repository.go:192.34,194.4 1 0
zajunaApi/internal/repository/course_repository.go:197.2,197.22 1 0
zajunaApi/internal/repository/course_repository.go:201.129,208.22 4 0
zajunaApi/internal/repository/course_repository.go:209.16,213.48 2 0
zajunaApi/internal/repository/course_repository.go:215.20,217.53 1 0
zajunaApi/internal/repository/course_repository.go:219.12,221.47 1 0
zajunaApi/internal/repository/course_repository.go:223.18,225.53 1 0
zajunaApi/internal/repository/course_repository.go:227.10,228.21 1 0
zajunaApi/internal/repository/course_repository.go:232.2,238.17 3 0
zajunaApi/internal/repository/course_repository.go:238.17,241.3 2 0
zajunaApi/internal/repository/course_repository.go:244.2,244.51 1 0
zajunaApi/internal/repository/course_repository.go:244.51,246.3 1 0
zajunaApi/internal/repository/course_repository.go:248.2,248.28 1 0
zajunaApi/internal/repository/course_repository.go:252.87,261.25 3 0
zajunaApi/internal/repository/course_repository.go:261.25,263.3 1 0
zajunaApi/internal/repository/course_repository.go:266.2,266.30 1 0
zajunaApi/internal/repository/course_repository.go:266.30,268.3 1 0
zajunaApi/internal/repository/course_repository.go:270.2,270.12 1 0
zajunaApi/internal/repository/course_repository.go:274.112,281.35 2 0
zajunaApi/internal/repository/course_repository.go:281.35,283.3 1 0
zajunaApi/internal/repository/course_repository.go:285.2,285.13 1 0
zajunaApi/internal/repository/course_repository.go:285.13,287.3 1 0
zajunaApi/internal/repository/course_repository.go:290.2,294.35 2 0
zajunaApi/internal/repository/course_repository.go:294.35,296.3 1 0
zajunaApi/internal/repository/course_repository.go:299.2,299.33 1 0
zajunaApi/internal/repository/course_repository.go:299.33,307.55 3 0
zajunaApi/internal/repository/course_repository.go:307.55,312.70 1 0
zajunaApi/internal/repository/course_repository.go:312.70,314.5 1 0
zajunaApi/internal/repository/course_repository.go:315.9,319.53 1 0
zajunaApi/internal/repository/course_repository.go:319.53,321.5 1 0
zajunaApi/internal/repository/course_repository.go:325.2,325.12 1 0
zajunaApi/internal/repository/course_repository.go:329.103,336.35 2 0
zajunaApi/internal/repository/course_repository.go:336.35,338.3 1 0
zajunaApi/internal/repository/course_repository.go:340.2,340.13 1 0
zajunaApi/internal/repository/course_repository.go:340.13,342.3 1 0
zajunaApi/internal/repository/course_repository.go:345.2,349.38 2 0
zajunaApi/internal/repository/course_repository.go:349.38,351.3 1 0
zajunaApi/internal/repository/course_repository.go:354.2,354.31 1 0
zajunaApi/internal/repository/course_repository.go:354.31,362.52 3 0
zajunaApi/internal/repository/course_repository.go:362.52,364.12 1 0
zajunaApi/internal/repository/course_repository.go:368.3,374.59 3 0
zajunaApi/internal/repository/course_repository.go:374.59,379.68 1 0
zajunaApi/internal/repository/course_repository.go:379.68,381.5 1 0
zajunaApi/internal/repository/course_repository.go:382.9,388.54 1 0
zajunaApi/internal/repository/course_repository.go:388.54,390.5 1 0
zajunaApi/internal/repository/course_repository.go:394.2,394.12 1 0
zajunaApi/internal/repository/user_repository.go:13.53,15.2 1 0
zajunaApi/internal/repository/user_repository.go:18.114,25.56 4 0
zajunaApi/internal/repository/user_repository.go:25.56,27.3 1 0
zajunaApi/internal/repository/user_repository.go:28.2,28.53 1 0
zajunaApi/internal/repository/user_repository.go:28.53,30.3 1 0
zajunaApi/internal/repository/user_repository.go:31.2,31.53 1 0
zajunaApi/internal/repository/user_repository.go:31.53,33.3 1 0
zajunaApi/internal/repository/user_repository.go:34.2,34.44 1 0
zajunaApi/internal/repository/user_repository.go:34.44,36.3 1 0
zajunaApi/internal/repository/user_repository.go:39.2,46.77 4 0
zajunaApi/internal/repository/user_repository.go:46.77,48.3 1 0
zajunaApi/internal/repository/user_repository.go:50.2,50.26 1 0
zajunaApi/internal/repository/user_repository.go:54.59,58.2 1 0
zajunaApi/internal/repository/user_repository.go:60.74,62.26 2 0
zajunaApi/internal/repository/user_repository.go:62.26,74.25 1 0
zajunaApi/internal/repository/user_repository.go:74.25,76.4 1 0
zajunaApi/internal/repository/user_repository.go:77.3,77.10 1 0
zajunaApi/internal/repository/user_repository.go:79.2,79.19 1 0
zajunaApi/internal/repository/user_repository.go:89.124,101.74 3 0
zajunaApi/internal/repository/user_repository.go:101.74,106.3 3 0
zajunaApi/internal/repository/user_repository.go:109.2,109.83 1 0
zajunaApi/internal/repository/user_repository.go:109.83,111.3 1 0
zajunaApi/internal/repository/user_repository.go:114.2,114.64 1 0
zajunaApi/internal/repository/user_repository.go:114.64,117.3 1 0
zajunaApi/internal/repository/user_repository.go:120.2,120.90 1 0
zajunaApi/internal/repository/user_repository.go:120.90,128.3 1 0
zajunaApi/internal/repository/user_repository.go:131.2,137.58 5 0
zajunaApi/internal/repository/user_repository.go:137.58,138.13 1 0
zajunaApi/internal/repository/user_repository.go:139.20,140.26 1 0
zajunaApi/internal/repository/user_repository.go:141.19,142.25 1 0
zajunaApi/internal/repository/user_repository.go:143.20,144.19 1 0
zajunaApi/internal/repository/user_repository.go:145.11,146.19 1 0
zajunaApi/internal/repository/user_repository.go:149.2,149.86 1 0
zajunaApi/internal/repository/user_repository.go:149.86,151.3 1 0
zajunaApi/internal/repository/user_repository.go:152.2,155.70 2 0
zajunaApi/internal/repository/user_repository.go:155.70,157.3 1 0
zajunaApi/internal/repository/user_repository.go:158.2,158.76 1 0
zajunaApi/internal/repository/user_repository.go:158.76,160.3 1 0
zajunaApi/internal/repository/user_repository.go:163.2,163.49 1 0
zajunaApi/internal/repository/user_repository.go:163.49,165.3 1 0
zajunaApi/internal/repository/user_repository.go:167.2,167.31 1 0
zajunaApi/internal/repository/user_repository.go:171.104,181.2 3 0
zajunaApi/internal/repository/user_repository.go:184.103,195.2 3 0
zajunaApi/internal/repository/user_repository.go:198.92,208.2 3 0
zajunaApi/internal/repository/user_repository.go:211.91,220.2 3 0
zajunaApi/internal/repository/user_repository.go:223.95,234.2 3 0
zajunaApi/internal/services/category_service.go:14.87,16.2 1 5
zajunaApi/internal/services/category_service.go:19.70,21.2 1 4
zajunaApi/internal/services/course_service.go:14.81,16.2 1 14
zajunaApi/internal/services/course_service.go:18.66,20.2 1 2
zajunaApi/internal/services/course_service.go:22.88,24.2 1 2
zajunaApi/internal/services/course_service.go:29.94,31.2 1 2
zajunaApi/internal/services/course_service.go:33.95,35.16 2 3
zajunaApi/internal/services/course_service.go:35.16,37.3 1 1
zajunaApi/internal/services/course_service.go:38.2,38.63 1 2
zajunaApi/internal/services/course_service.go:42.117,45.33 2 5
zajunaApi/internal/services/course_service.go:45.33,50.28 2 7
zajunaApi/internal/services/course_service.go:50.28,52.4 1 4
zajunaApi/internal/services/course_service.go:53.3,53.29 1 7
zajunaApi/internal/services/course_service.go:53.29,55.4 1 3
zajunaApi/internal/services/course_service.go:56.3,56.28 1 7
zajunaApi/internal/services/course_service.go:56.28,58.4 1 1
zajunaApi/internal/services/course_service.go:59.3,59.27 1 7
zajunaApi/internal/services/course_service.go:59.27,61.4 1 1
zajunaApi/internal/services/course_service.go:62.3,62.26 1 7
zajunaApi/internal/services/course_service.go:62.26,64.4 1 1
zajunaApi/internal/services/course_service.go:65.3,65.24 1 7
zajunaApi/internal/services/course_service.go:65.24,67.4 1 0
zajunaApi/internal/services/course_service.go:68.3,68.30 1 7
zajunaApi/internal/services/course_service.go:68.30,70.4 1 0
zajunaApi/internal/services/course_service.go:73.3,73.31 1 7
zajunaApi/internal/services/course_service.go:73.31,75.4 1 3
zajunaApi/internal/services/course_service.go:76.3,76.34 1 7
zajunaApi/internal/services/course_service.go:76.34,78.4 1 1
zajunaApi/internal/services/course_service.go:79.3,79.31 1 7
zajunaApi/internal/services/course_service.go:79.31,81.4 1 0
zajunaApi/internal/services/course_service.go:82.3,82.30 1 7
zajunaApi/internal/services/course_service.go:82.30,84.4 1 0
zajunaApi/internal/services/course_service.go:85.3,85.32 1 7
zajunaApi/internal/services/course_service.go:85.32,87.4 1 0
zajunaApi/internal/services/course_service.go:88.3,88.29 1 7
zajunaApi/internal/services/course_service.go:88.29,90.4 1 0
zajunaApi/internal/services/course_service.go:91.3,91.32 1 7
zajunaApi/internal/services/course_service.go:91.32,93.4 1 0
zajunaApi/internal/services/course_service.go:94.3,94.28 1 7
zajunaApi/internal/services/course_service.go:94.28,96.4 1 1
zajunaApi/internal/services/course_service.go:97.3,97.35 1 7
zajunaApi/internal/services/course_service.go:97.35,99.4 1 0
zajunaApi/internal/services/course_service.go:100.3,100.30 1 7
zajunaApi/internal/services/course_service.go:100.30,102.4 1 0
zajunaApi/internal/services/course_service.go:103.3,103.35 1 7
zajunaApi/internal/services/course_service.go:103.35,105.4 1 0
zajunaApi/internal/services/course_service.go:106.3,106.38 1 7
zajunaApi/internal/services/course_service.go:106.38,108.4 1 0
zajunaApi/internal/services/course_service.go:109.3,109.37 1 7
zajunaApi/internal/services/course_service.go:109.37,111.4 1 0
zajunaApi/internal/services/course_service.go:112.3,112.37 1 7
zajunaApi/internal/services/course_service.go:112.37,114.4 1 0
zajunaApi/internal/services/course_service.go:117.3,117.30 1 7
zajunaApi/internal/services/course_service.go:117.30,119.4 1 1
zajunaApi/internal/services/course_service.go:120.3,120.28 1 7
zajunaApi/internal/services/course_service.go:120.28,122.4 1 1
zajunaApi/internal/services/course_service.go:125.3,125.24 1 7
zajunaApi/internal/services/course_service.go:125.24,132.12 2 2
zajunaApi/internal/services/course_service.go:136.3,137.17 2 5
zajunaApi/internal/services/course_service.go:137.17,144.12 2 2
zajunaApi/internal/services/course_service.go:148.3,148.42 1 3
zajunaApi/internal/services/course_service.go:148.42,149.98 1 0
zajunaApi/internal/services/course_service.go:149.98,156.5 1 0
zajunaApi/internal/services/course_service.go:160.3,160.35 1 3
zajunaApi/internal/services/course_service.go:160.35,161.90 1 0
zajunaApi/internal/services/course_service.go:161.90,168.5 1 0
zajunaApi/internal/services/course_service.go:172.2,172.63 1 5
zajunaApi/internal/services/course_service.go:176.126,178.2 1 0
zajunaApi/internal/services/user_service.go:14.75,16.2 1 17
zajunaApi/internal/services/user_service.go:18.106,20.2 1 6
zajunaApi/internal/services/user_service.go:22.56,24.2 1 4
zajunaApi/internal/services/user_service.go:26.71,28.2 1 6
zajunaApi/internal/services/user_service.go:31.132,34.16 2 0
zajunaApi/internal/services/user_service.go:34.16,36.3 1 0
zajunaApi/internal/services/user_service.go:39.2,40.29 2 0
zajunaApi/internal/services/user_service.go:40.29,60.22 8 0
zajunaApi/internal/services/user_service.go:60.22,62.4 1 0
zajunaApi/internal/services/user_service.go:65.2,65.30 1 0
zajunaApi/internal/services/mocks/category_service_mock.go:14.74,16.24 2 0
zajunaApi/internal/services/mocks/category_service_mock.go:16.24,18.3 1 0
zajunaApi/internal/services/mocks/category_service_mock.go:19.2,19.55 1 0
zajunaApi/internal/services/mocks/course_service_mock.go:17.70,19.24 2 0
zajunaApi/internal/services/mocks/course_service_mock.go:19.24,21.3 1 0
zajunaApi/internal/services/mocks/course_service_mock.go:22.2,22.53 1 0
zajunaApi/internal/services/mocks/course_service_mock.go:26.92,28.24 2 0
zajunaApi/internal/services/mocks/course_service_mock.go:28.24,30.3 1 0
zajunaApi/internal/services/mocks/course_service_mock.go:31.2,31.53 1 0
zajunaApi/internal/services/mocks/course_service_mock.go:35.98,37.24 2 0
zajunaApi/internal/services/mocks/course_service_mock.go:37.24,39.3 1 0
zajunaApi/internal/services/mocks/course_service_mock.go:40.2,40.63 1 0
zajunaApi/internal/services/mocks/course_service_mock.go:44.99,46.24 2 0
zajunaApi/internal/services/mocks/course_service_mock.go:46.24,48.3 1 0
zajunaApi/internal/services/mocks/course_service_mock.go:49.2,49.67 1 0
zajunaApi/internal/services/mocks/course_service_mock.go:53.121,55.24 2 0
zajunaApi/internal/services/mocks/course_service_mock.go:55.24,57.3 1 0
zajunaApi/internal/services/mocks/course_service_mock.go:58.2,58.67 1 0
zajunaApi/internal/services/mocks/course_service_mock.go:62.130,64.24 2 0
zajunaApi/internal/services/mocks/course_service_mock.go:64.24,66.3 1 0
zajunaApi/internal/services/mocks/course_service_mock.go:67.2,67.74 1 0
zajunaApi/internal/services/mocks/user_service_mock.go:16.110,18.24 2 0
zajunaApi/internal/services/mocks/user_service_mock.go:18.24,20.3 1 0
zajunaApi/internal/services/mocks/user_service_mock.go:21.2,21.72 1 0
zajunaApi/internal/services/mocks/user_service_mock.go:25.60,28.2 2 0
zajunaApi/internal/services/mocks/user_service_mock.go:31.75,34.2 2 0
zajunaApi/internal/services/mocks/user_service_mock.go:37.136,39.24 2 0
zajunaApi/internal/services/mocks/user_service_mock.go:39.24,41.3 1 0
zajunaApi/internal/services/mocks/user_service_mock.go:42.2,42.88 1 0
zajunaApi/internal/validator/validator.go:14.13,18.68 2 0
zajunaApi/internal/validator/validator.go:18.68,20.18 2 0
zajunaApi/internal/validator/validator.go:20.18,22.4 1 0
zajunaApi/internal/validator/validator.go:23.3,23.14 1 0
zajunaApi/internal/validator/validator.go:27.2,28.74 2 0
zajunaApi/internal/validator/validator.go:32.36,33.21 1 0
zajunaApi/internal/validator/validator.go:33.21,35.3 1 0
zajunaApi/internal/validator/validator.go:37.2,38.16 2 0
zajunaApi/internal/validator/validator.go:38.16,40.3 1 0
zajunaApi/internal/validator/validator.go:41.2,41.12 1 0
zajunaApi/internal/validator/validator.go:45.55,46.21 1 0
zajunaApi/internal/validator/validator.go:46.21,48.3 1 0
zajunaApi/internal/validator/validator.go:50.2,51.16 2 0
zajunaApi/internal/validator/validator.go:51.16,53.3 1 0
zajunaApi/internal/validator/validator.go:54.2,54.12 1 0
zajunaApi/internal/validator/validator.go:58.46,59.16 1 0
zajunaApi/internal/validator/validator.go:59.16,61.3 1 0
zajunaApi/internal/validator/validator.go:63.2,64.9 2 0
zajunaApi/internal/validator/validator.go:64.9,66.3 1 0
zajunaApi/internal/validator/validator.go:68.2,69.37 2 0
zajunaApi/internal/validator/validator.go:69.37,71.3 1 0
zajunaApi/internal/validator/validator.go:73.2,75.3 1 0
zajunaApi/internal/validator/validator.go:79.54,82.17 2 0
zajunaApi/internal/validator/validator.go:83.18,84.58 1 0
zajunaApi/internal/validator/validator.go:85.15,86.71 1 0
zajunaApi/internal/validator/validator.go:87.13,88.90 1 0
zajunaApi/internal/validator/validator.go:89.13,90.86 1 0
zajunaApi/internal/validator/validator.go:91.13,92.93 1 0
zajunaApi/internal/validator/validator.go:93.15,94.76 1 0
zajunaApi/internal/validator/validator.go:95.25,96.77 1 0
zajunaApi/internal/validator/validator.go:97.26,98.88 1 0
zajunaApi/internal/validator/validator.go:99.10,100.58 1 0
zajunaApi/internal/validator/validator.go:106.59,108.46 2 0
zajunaApi/internal/validator/validator.go:108.46,110.3 1 0
zajunaApi/internal/validator/validator.go:113.2,113.32 1 0
zajunaApi/internal/validator/validator.go:113.32,114.39 1 0
zajunaApi/internal/validator/validator.go:114.39,116.4 1 0
zajunaApi/internal/validator/validator.go:118.2,118.13 1 0
zajunaApi/internal/validator/validator.go:122.60,124.48 2 0
zajunaApi/internal/validator/validator.go:124.48,126.3 1 0
zajunaApi/internal/validator/validator.go:128.2,128.42 1 0
zajunaApi/internal/validator/validator.go:132.48,137.2 1 0
zajunaApi/internal/validator/validator.go:144.42,146.2 1 0

