mode: atomic
zajunaApi/internal/handlers/category_handler.go:18.85,20.2 1 6
zajunaApi/internal/handlers/category_handler.go:31.57,34.16 2 5
zajunaApi/internal/handlers/category_handler.go:34.16,41.3 2 1
zajunaApi/internal/handlers/category_handler.go:44.2,52.37 3 4
zajunaApi/internal/handlers/course_handler.go:18.79,20.2 1 19
zajunaApi/internal/handlers/course_handler.go:33.52,37.48 2 5
zajunaApi/internal/handlers/course_handler.go:37.48,44.3 2 1
zajunaApi/internal/handlers/course_handler.go:47.2,53.29 4 4
zajunaApi/internal/handlers/course_handler.go:53.29,55.3 1 1
zajunaApi/internal/handlers/course_handler.go:55.8,57.3 1 3
zajunaApi/internal/handlers/course_handler.go:59.2,59.16 1 4
zajunaApi/internal/handlers/course_handler.go:59.16,66.3 2 1
zajunaApi/internal/handlers/course_handler.go:69.2,77.37 3 3
zajunaApi/internal/handlers/course_handler.go:92.58,96.46 2 3
zajunaApi/internal/handlers/course_handler.go:96.46,103.3 2 1
zajunaApi/internal/handlers/course_handler.go:106.2,107.16 2 2
zajunaApi/internal/handlers/course_handler.go:107.16,114.3 2 1
zajunaApi/internal/handlers/course_handler.go:117.2,120.40 2 1
zajunaApi/internal/handlers/course_handler.go:134.55,138.47 2 5
zajunaApi/internal/handlers/course_handler.go:138.47,145.3 2 1
zajunaApi/internal/handlers/course_handler.go:148.2,148.39 1 4
zajunaApi/internal/handlers/course_handler.go:148.39,155.3 2 1
zajunaApi/internal/handlers/course_handler.go:158.2,159.16 2 3
zajunaApi/internal/handlers/course_handler.go:159.16,166.3 2 1
zajunaApi/internal/handlers/course_handler.go:169.2,179.4 3 2
zajunaApi/internal/handlers/course_handler.go:193.55,197.47 2 5
zajunaApi/internal/handlers/course_handler.go:197.47,204.3 2 1
zajunaApi/internal/handlers/course_handler.go:207.2,207.39 1 4
zajunaApi/internal/handlers/course_handler.go:207.39,214.3 2 1
zajunaApi/internal/handlers/course_handler.go:217.2,218.16 2 3
zajunaApi/internal/handlers/course_handler.go:218.16,225.3 2 1
zajunaApi/internal/handlers/course_handler.go:228.2,233.4 2 2
zajunaApi/internal/handlers/user_handler.go:18.73,20.2 1 15
zajunaApi/internal/handlers/user_handler.go:38.48,42.48 2 6
zajunaApi/internal/handlers/user_handler.go:42.48,49.3 2 1
zajunaApi/internal/handlers/user_handler.go:52.2,59.16 4 5
zajunaApi/internal/handlers/user_handler.go:59.16,66.3 2 1
zajunaApi/internal/handlers/user_handler.go:69.2,80.42 3 4
zajunaApi/internal/handlers/user_handler.go:94.51,98.47 2 4
zajunaApi/internal/handlers/user_handler.go:98.47,105.3 2 2
zajunaApi/internal/handlers/user_handler.go:108.2,109.36 2 2
zajunaApi/internal/handlers/user_handler.go:109.36,121.3 1 2
zajunaApi/internal/handlers/user_handler.go:124.2,125.16 2 2
zajunaApi/internal/handlers/user_handler.go:125.16,132.3 2 1
zajunaApi/internal/handlers/user_handler.go:135.2,139.4 1 1
zajunaApi/internal/handlers/user_handler.go:153.51,157.47 2 4
zajunaApi/internal/handlers/user_handler.go:157.47,164.3 2 1
zajunaApi/internal/handlers/user_handler.go:167.2,167.39 1 3
zajunaApi/internal/handlers/user_handler.go:167.39,174.3 2 1
zajunaApi/internal/handlers/user_handler.go:177.2,177.59 1 2
zajunaApi/internal/handlers/user_handler.go:177.59,184.3 2 1
zajunaApi/internal/handlers/user_handler.go:187.2,191.4 1 1
